2026-01-25 22:31:09,682 - __main__ - INFO - Starting HybridVM API Server...
2026-01-25 22:32:30,870 - __main__ - INFO - Starting HybridVM API Server...
2026-01-25 22:40:38,803 - __main__ - INFO - Received Event: USER_INPUT Payload: {'text': 'BrainModel英語論文を意味構造で構造化した上で多言語翻訳するアプリを開発したい'}
2026-01-25 22:40:38,805 - __main__ - INFO - Processing VM Event: type=<EventType.USER_INPUT: 'user_input'> payload={'content': 'BrainModel英語論文を意味構造で構造化した上で多言語翻訳するアプリを開発したい'} actor=<Actor.USER: 'user'>
2026-01-26 07:02:40,559 - __main__ - INFO - Starting HybridVM API Server...
2026-01-26 07:04:05,458 - __main__ - INFO - Received Event: USER_INPUT Payload: {'text': '設計をもっと柔軟にしたい'}
2026-01-26 07:04:05,458 - __main__ - INFO - Processing VM Event: type=<EventType.USER_INPUT: 'user_input'> payload={'content': '設計をもっと柔軟にしたい'} actor=<Actor.USER: 'user'>
2026-01-26 07:04:09,769 - __main__ - INFO - Received Event: USER_INPUT Payload: {'text': '設計をもっと柔軟にしたい'}
2026-01-26 07:04:09,769 - __main__ - INFO - Processing VM Event: type=<EventType.USER_INPUT: 'user_input'> payload={'content': '設計をもっと柔軟にしたい'} actor=<Actor.USER: 'user'>
2026-01-26 07:04:23,091 - __main__ - INFO - Received Event: USER_INPUT Payload: {'text': '設計をもっと柔軟にしたい'}
2026-01-26 07:04:23,092 - __main__ - INFO - Processing VM Event: type=<EventType.USER_INPUT: 'user_input'> payload={'content': '設計をもっと柔軟にしたい'} actor=<Actor.USER: 'user'>
2026-01-26 07:04:44,182 - __main__ - INFO - Received Event: USER_INPUT Payload: {'text': '将来変更に強い構造にしたい'}
2026-01-26 07:04:44,182 - __main__ - INFO - Processing VM Event: type=<EventType.USER_INPUT: 'user_input'> payload={'content': '将来変更に強い構造にしたい'} actor=<Actor.USER: 'user'>
2026-01-26 07:05:16,521 - __main__ - INFO - Received Event: USER_INPUT Payload: {'text': 'できるだけ拡張市役したいが制約も守りたい'}
2026-01-26 07:05:16,522 - __main__ - INFO - Processing VM Event: type=<EventType.USER_INPUT: 'user_input'> payload={'content': 'できるだけ拡張市役したいが制約も守りたい'} actor=<Actor.USER: 'user'>
2026-01-26 07:05:33,997 - __main__ - INFO - Received Event: USER_INPUT Payload: {'text': 'シンプルさと拡張性のバランスをとりたい'}
2026-01-26 07:05:33,997 - __main__ - INFO - Processing VM Event: type=<EventType.USER_INPUT: 'user_input'> payload={'content': 'シンプルさと拡張性のバランスをとりたい'} actor=<Actor.USER: 'user'>
2026-01-26 07:10:05,409 - __main__ - INFO - Received Event: USER_INPUT Payload: {'text': 'よく分からないが何か対応したい'}
2026-01-26 07:10:05,409 - __main__ - INFO - Processing VM Event: type=<EventType.USER_INPUT: 'user_input'> payload={'content': 'よく分からないが何か対応したい'} actor=<Actor.USER: 'user'>
2026-01-26 07:10:21,729 - __main__ - INFO - Received Event: USER_INPUT Payload: {'text': '情報が足りないまま判断したい'}
2026-01-26 07:10:21,729 - __main__ - INFO - Processing VM Event: type=<EventType.USER_INPUT: 'user_input'> payload={'content': '情報が足りないまま判断したい'} actor=<Actor.USER: 'user'>
2026-01-26 07:10:41,738 - __main__ - INFO - Received Event: USER_INPUT Payload: {'text': '根拠はないが進めるべきかもしれない'}
2026-01-26 07:10:41,738 - __main__ - INFO - Processing VM Event: type=<EventType.USER_INPUT: 'user_input'> payload={'content': '根拠はないが進めるべきかもしれない'} actor=<Actor.USER: 'user'>
2026-01-26 07:16:03,825 - __main__ - INFO - Received Event: HUMAN_OVERRIDE Payload: {'decision': 'ACCEPT', 'reason': '要件が未確定だが、設計方針として先に進める必要がある'}
2026-01-26 07:16:03,825 - __main__ - INFO - Processing VM Event: type=<EventType.USER_INPUT: 'user_input'> payload={'decision': 'ACCEPT', 'reason': '要件が未確定だが、設計方針として先に進める必要がある'} actor=<Actor.USER: 'user'>
2026-01-26 07:18:06,347 - __main__ - INFO - Received Event: HUMAN_OVERRIDE Payload: None
2026-01-26 07:18:06,347 - __main__ - INFO - Processing VM Event: type=<EventType.USER_INPUT: 'user_input'> payload={} actor=<Actor.USER: 'user'>
2026-01-26 07:40:25,097 - __main__ - INFO - Starting HybridVM API Server...
2026-01-26 07:42:31,845 - __main__ - INFO - Received Event: REQUEST_REEVALUATION Payload: None
2026-01-26 07:42:31,846 - __main__ - INFO - Processing VM Event: type=<EventType.SIMULATION_REQUEST: 'simulation_request'> payload={} actor=<Actor.USER: 'user'>
2026-01-26 07:44:49,901 - __main__ - INFO - Received Event: USER_INPUT Payload: {'text': '要件'}
2026-01-26 07:44:49,901 - __main__ - INFO - Processing VM Event: type=<EventType.USER_INPUT: 'user_input'> payload={'content': '要件'} actor=<Actor.USER: 'user'>
2026-01-26 07:45:07,779 - __main__ - INFO - Received Event: USER_INPUT Payload: {'text': '要件が明確で制約条件も定義されている'}
2026-01-26 07:45:07,780 - __main__ - INFO - Processing VM Event: type=<EventType.USER_INPUT: 'user_input'> payload={'content': '要件が明確で制約条件も定義されている'} actor=<Actor.USER: 'user'>
2026-01-26 07:45:30,009 - __main__ - INFO - Received Event: USER_INPUT Payload: {'text': 'アーキテクチャと依存関係が整理されている'}
2026-01-26 07:45:30,009 - __main__ - INFO - Processing VM Event: type=<EventType.USER_INPUT: 'user_input'> payload={'content': 'アーキテクチャと依存関係が整理されている'} actor=<Actor.USER: 'user'>
2026-01-26 07:45:59,008 - __main__ - INFO - Received Event: USER_INPUT Payload: {'text': '実装コストとリスクが許容範囲内である'}
2026-01-26 07:45:59,008 - __main__ - INFO - Processing VM Event: type=<EventType.USER_INPUT: 'user_input'> payload={'content': '実装コストとリスクが許容範囲内である'} actor=<Actor.USER: 'user'>
2026-01-26 07:48:54,958 - __main__ - INFO - Received Event: USER_INPUT Payload: {'text': '要件が明確で制約条件も定義されている'}
2026-01-26 07:48:54,959 - __main__ - INFO - Processing VM Event: type=<EventType.USER_INPUT: 'user_input'> payload={'content': '要件が明確で制約条件も定義されている'} actor=<Actor.USER: 'user'>
2026-01-26 07:49:22,183 - __main__ - INFO - Received Event: USER_INPUT Payload: {'text': 'アーキテクチャと依存関係が整理されている'}
2026-01-26 07:49:22,184 - __main__ - INFO - Processing VM Event: type=<EventType.USER_INPUT: 'user_input'> payload={'content': 'アーキテクチャと依存関係が整理されている'} actor=<Actor.USER: 'user'>
2026-01-26 07:49:45,884 - __main__ - INFO - Received Event: USER_INPUT Payload: {'text': '実装コストとリスクが許容範囲内である'}
2026-01-26 07:49:45,884 - __main__ - INFO - Processing VM Event: type=<EventType.USER_INPUT: 'user_input'> payload={'content': '実装コストとリスクが許容範囲内である'} actor=<Actor.USER: 'user'>
