2026-01-31 14:40:01,291 - __main__ - INFO - MemorySpace initialized.
2026-01-31 14:40:01,301 - __main__ - INFO - Starting DesignBrainModel API Server (Phase 17-4)...
2026-01-31 14:40:01,429 - __mp_main__ - INFO - MemorySpace initialized.
2026-01-31 14:40:01,452 - design_brain_model.hybrid_vm.interface_layer.api_server - INFO - MemorySpace initialized.
2026-01-31 14:42:15,992 - design_brain_model.hybrid_vm.interface_layer.api_server - INFO - Received command: CreateL1Atom with payload {'content': 'HolographicMemoryと生化学検査情報と患者情報を組み合わせた医療診断支援AIを構築したい', 'l1_type': 'QUESTION', 'source': 'human_text_ui'}
2026-01-31 14:42:15,992 - design_brain_model.hybrid_vm.interface_layer.api_server - INFO - Command 'CreateL1Atom' executed successfully. Result: 1b5a8f04-b4de-4976-8adc-79135eb57fc4
2026-01-31 14:42:15,993 - design_brain_model.hybrid_vm.interface_layer.api_server - INFO - Requesting ViewModel for atom: 1b5a8f04-b4de-4976-8adc-79135eb57fc4
2026-01-31 14:44:43,981 - design_brain_model.hybrid_vm.interface_layer.api_server - INFO - Received command: CreateL1Atom with payload {'content': 'i', 'l1_type': 'QUESTION', 'source': 'human_text_ui'}
2026-01-31 14:44:43,981 - design_brain_model.hybrid_vm.interface_layer.api_server - INFO - Command 'CreateL1Atom' executed successfully. Result: 2652807d-3088-48ef-b773-3c45e3f56e43
2026-01-31 14:44:43,981 - design_brain_model.hybrid_vm.interface_layer.api_server - INFO - Requesting ViewModel for atom: 2652807d-3088-48ef-b773-3c45e3f56e43
2026-01-31 14:44:50,402 - design_brain_model.hybrid_vm.interface_layer.api_server - INFO - Received command: CreateL1Atom with payload {'content': '現在、HolographicMemoryを用いた推論モデルの医療応用事例は研究段階に留まっている。', 'l1_type': 'OBSERVATION', 'source': 'human_text_ui'}
2026-01-31 14:44:50,402 - design_brain_model.hybrid_vm.interface_layer.api_server - INFO - Command 'CreateL1Atom' executed successfully. Result: 21107984-c1be-4e46-a6bd-c98cf3189a6c
2026-01-31 14:44:50,403 - design_brain_model.hybrid_vm.interface_layer.api_server - INFO - Requesting ViewModel for atom: 21107984-c1be-4e46-a6bd-c98cf3189a6c
2026-01-31 14:45:17,373 - design_brain_model.hybrid_vm.interface_layer.api_server - INFO - Received command: CreateL1Atom with payload {'content': '生化学検査データと患者の年齢・性別・既往歴を組み合わせることで、疾患予測精度が向上するという報告がある。', 'l1_type': 'OBSERVATION', 'source': 'human_text_ui'}
2026-01-31 14:45:17,373 - design_brain_model.hybrid_vm.interface_layer.api_server - INFO - Command 'CreateL1Atom' executed successfully. Result: 97df4560-bc10-4d12-af0f-5e19a0efc3a3
2026-01-31 14:45:17,374 - design_brain_model.hybrid_vm.interface_layer.api_server - INFO - Requesting ViewModel for atom: 97df4560-bc10-4d12-af0f-5e19a0efc3a3
2026-01-31 14:45:39,947 - design_brain_model.hybrid_vm.interface_layer.api_server - INFO - Received command: CreateL1Atom with payload {'content': 'HolographicMemoryは時系列性の強い医療データに対して有効に機能するのか。', 'l1_type': 'OBSERVATION', 'source': 'human_text_ui'}
2026-01-31 14:45:39,947 - design_brain_model.hybrid_vm.interface_layer.api_server - INFO - Command 'CreateL1Atom' executed successfully. Result: 7c12bfb2-4e85-452f-9481-25d240c43a48
2026-01-31 14:45:39,948 - design_brain_model.hybrid_vm.interface_layer.api_server - INFO - Requesting ViewModel for atom: 7c12bfb2-4e85-452f-9481-25d240c43a48
2026-01-31 14:46:10,907 - design_brain_model.hybrid_vm.interface_layer.api_server - INFO - Received command: CreateL1Atom with payload {'content': '本システムは医師の診断を代替するものではなく、診断支援に限定する必要がある。', 'l1_type': 'REQUIREMENT', 'source': 'human_text_ui'}
2026-01-31 14:46:10,908 - design_brain_model.hybrid_vm.interface_layer.api_server - INFO - Command 'CreateL1Atom' executed successfully. Result: 6ae031a0-456b-4e41-883d-231d3952a660
2026-01-31 14:46:10,910 - design_brain_model.hybrid_vm.interface_layer.api_server - INFO - Requesting ViewModel for atom: 6ae031a0-456b-4e41-883d-231d3952a660
2026-01-31 14:46:20,625 - design_brain_model.hybrid_vm.interface_layer.api_server - INFO - Received command: CreateL1Atom with payload {'content': 'i', 'l1_type': 'OBSERVATION', 'source': 'human_text_ui'}
2026-01-31 14:46:20,626 - design_brain_model.hybrid_vm.interface_layer.api_server - INFO - Command 'CreateL1Atom' executed successfully. Result: 8d3ba846-ff2a-433c-87c6-141815c24c0c
2026-01-31 14:46:20,626 - design_brain_model.hybrid_vm.interface_layer.api_server - INFO - Requesting ViewModel for atom: 8d3ba846-ff2a-433c-87c6-141815c24c0c
2026-01-31 14:47:49,262 - design_brain_model.hybrid_vm.interface_layer.api_server - INFO - Received command: CreateL1Atom with payload {'content': 'HolographicMemoryは時系列性の強い医療データに対して有効に機能するのか。', 'l1_type': 'OBSERVATION', 'source': 'human_text_ui'}
2026-01-31 14:47:49,262 - design_brain_model.hybrid_vm.interface_layer.api_server - INFO - Command 'CreateL1Atom' executed successfully. Result: 8b9c3f68-fada-4ec2-9d8c-5c57d7b838d7
2026-01-31 14:47:49,263 - design_brain_model.hybrid_vm.interface_layer.api_server - INFO - Requesting ViewModel for atom: 8b9c3f68-fada-4ec2-9d8c-5c57d7b838d7
2026-01-31 14:48:05,237 - design_brain_model.hybrid_vm.interface_layer.api_server - INFO - Received command: CreateL1Atom with payload {'content': '本システムは医師の診断を代替するものではなく、診断支援に限定する必要がある。', 'l1_type': 'REQUIREMENT', 'source': 'human_text_ui'}
2026-01-31 14:48:05,237 - design_brain_model.hybrid_vm.interface_layer.api_server - INFO - Command 'CreateL1Atom' executed successfully. Result: a1f17cfc-c3cf-4703-94f7-3dd98ce07efe
2026-01-31 14:48:05,238 - design_brain_model.hybrid_vm.interface_layer.api_server - INFO - Requesting ViewModel for atom: a1f17cfc-c3cf-4703-94f7-3dd98ce07efe
2026-01-31 14:49:02,634 - design_brain_model.hybrid_vm.interface_layer.api_server - INFO - Received command: CreateL1Atom with payload {'content': 'HolographicMemoryを用いることで、患者の検査履歴全体を保持・参照でき、従来手法よりも早期に疾患リスクを検出できる可能性がある。', 'l1_type': 'OBSERVATION', 'source': 'human_text_ui'}
2026-01-31 14:49:02,634 - design_brain_model.hybrid_vm.interface_layer.api_server - INFO - Command 'CreateL1Atom' executed successfully. Result: 2dda83a5-d43a-4964-b359-ed9f4748be96
2026-01-31 14:49:02,635 - design_brain_model.hybrid_vm.interface_layer.api_server - INFO - Requesting ViewModel for atom: 2dda83a5-d43a-4964-b359-ed9f4748be96
2026-01-31 14:50:11,635 - design_brain_model.hybrid_vm.interface_layer.api_server - INFO - Received command: CreateL1Atom with payload {'content': 'このアプローチは既存の機械学習モデルと比較して、臨床的に有意な改善を示せるだろうか。', 'l1_type': 'OBSERVATION', 'source': 'human_text_ui'}
2026-01-31 14:50:11,635 - design_brain_model.hybrid_vm.interface_layer.api_server - INFO - Command 'CreateL1Atom' executed successfully. Result: 68b089bf-1a7d-4d6c-87f9-165d49dc0dc3
2026-01-31 14:50:11,636 - design_brain_model.hybrid_vm.interface_layer.api_server - INFO - Requesting ViewModel for atom: 68b089bf-1a7d-4d6c-87f9-165d49dc0dc3
2026-01-31 15:00:56,112 - design_brain_model.hybrid_vm.interface_layer.api_server - INFO - Received command: CreateL1Atom with payload {'content': 'これまでに整理された観測・制約・仮説・問いを総合すると、', 'l1_type': 'CONSTRAINT', 'source': 'human_text_ui'}
2026-01-31 15:00:56,112 - design_brain_model.hybrid_vm.interface_layer.api_server - INFO - Command 'CreateL1Atom' executed successfully. Result: 2aeeba54-5fc4-4105-9ea5-2325f501d411
2026-01-31 15:00:56,113 - design_brain_model.hybrid_vm.interface_layer.api_server - INFO - Requesting ViewModel for atom: 2aeeba54-5fc4-4105-9ea5-2325f501d411
2026-01-31 15:00:56,321 - design_brain_model.hybrid_vm.interface_layer.api_server - INFO - Received command: CreateL1Atom with payload {'content': 'HolographicMemory、生化学検査情報、患者背景情報を統合した', 'l1_type': 'QUESTION', 'source': 'human_text_ui'}
2026-01-31 15:00:56,321 - design_brain_model.hybrid_vm.interface_layer.api_server - INFO - Command 'CreateL1Atom' executed successfully. Result: ac1c0e79-ca02-4a2f-ac92-1b8642f393ec
2026-01-31 15:00:56,322 - design_brain_model.hybrid_vm.interface_layer.api_server - INFO - Requesting ViewModel for atom: ac1c0e79-ca02-4a2f-ac92-1b8642f393ec
2026-01-31 15:00:56,474 - design_brain_model.hybrid_vm.interface_layer.api_server - INFO - Received command: CreateL1Atom with payload {'content': '医療診断支援AIの設計を進める価値があると判断する。', 'l1_type': 'OBSERVATION', 'source': 'human_text_ui'}
2026-01-31 15:00:56,474 - design_brain_model.hybrid_vm.interface_layer.api_server - INFO - Command 'CreateL1Atom' executed successfully. Result: de39370a-bac9-44b3-b914-8b703d17f240
2026-01-31 15:00:56,475 - design_brain_model.hybrid_vm.interface_layer.api_server - INFO - Requesting ViewModel for atom: de39370a-bac9-44b3-b914-8b703d17f240
2026-01-31 15:00:56,616 - design_brain_model.hybrid_vm.interface_layer.api_server - INFO - Received command: CreateL1Atom with payload {'content': '本システムは医師の診断を代替するものではなく、', 'l1_type': 'QUESTION', 'source': 'human_text_ui'}
2026-01-31 15:00:56,616 - design_brain_model.hybrid_vm.interface_layer.api_server - INFO - Command 'CreateL1Atom' executed successfully. Result: dc45f9f2-c36a-4bf4-8eef-a5be75477913
2026-01-31 15:00:56,616 - design_brain_model.hybrid_vm.interface_layer.api_server - INFO - Requesting ViewModel for atom: dc45f9f2-c36a-4bf4-8eef-a5be75477913
2026-01-31 15:00:56,767 - design_brain_model.hybrid_vm.interface_layer.api_server - INFO - Received command: CreateL1Atom with payload {'content': '診断の質向上を支援する目的に限定して設計を進める。', 'l1_type': 'OBSERVATION', 'source': 'human_text_ui'}
2026-01-31 15:00:56,767 - design_brain_model.hybrid_vm.interface_layer.api_server - INFO - Command 'CreateL1Atom' executed successfully. Result: 186fdec0-fb58-4559-a29d-aa703b92bf7a
2026-01-31 15:00:56,768 - design_brain_model.hybrid_vm.interface_layer.api_server - INFO - Requesting ViewModel for atom: 186fdec0-fb58-4559-a29d-aa703b92bf7a
2026-01-31 15:02:48,173 - design_brain_model.hybrid_vm.interface_layer.api_server - INFO - Received command: CreateL1Atom with payload {'content': 'i', 'l1_type': 'QUESTION', 'source': 'human_text_ui'}
2026-01-31 15:02:48,173 - design_brain_model.hybrid_vm.interface_layer.api_server - INFO - Command 'CreateL1Atom' executed successfully. Result: 37440f10-7f89-4a97-bcc4-0c47eab41a11
2026-01-31 15:02:48,174 - design_brain_model.hybrid_vm.interface_layer.api_server - INFO - Requesting ViewModel for atom: 37440f10-7f89-4a97-bcc4-0c47eab41a11
2026-01-31 15:03:58,254 - design_brain_model.hybrid_vm.interface_layer.api_server - INFO - Received command: CreateL1Atom with payload {'content': 'これまでに整理された観測・制約・仮説・問いを総合すると、', 'l1_type': 'CONSTRAINT', 'source': 'human_text_ui'}
2026-01-31 15:03:58,254 - design_brain_model.hybrid_vm.interface_layer.api_server - INFO - Command 'CreateL1Atom' executed successfully. Result: 4147aa42-a213-469d-9e61-3435a3625b60
2026-01-31 15:03:58,255 - design_brain_model.hybrid_vm.interface_layer.api_server - INFO - Requesting ViewModel for atom: 4147aa42-a213-469d-9e61-3435a3625b60
2026-01-31 15:04:29,181 - design_brain_model.hybrid_vm.interface_layer.api_server - INFO - Received command: CreateL1Atom with payload {'content': 'HolographicMemory、生化学検査情報、患者背景情報を統合した', 'l1_type': 'QUESTION', 'source': 'human_text_ui'}
2026-01-31 15:04:29,182 - design_brain_model.hybrid_vm.interface_layer.api_server - INFO - Command 'CreateL1Atom' executed successfully. Result: d867bc2b-6169-4953-8a3d-92c996093aab
2026-01-31 15:04:29,183 - design_brain_model.hybrid_vm.interface_layer.api_server - INFO - Requesting ViewModel for atom: d867bc2b-6169-4953-8a3d-92c996093aab
2026-01-31 15:05:23,459 - design_brain_model.hybrid_vm.interface_layer.api_server - INFO - Received command: CreateL1Atom with payload {'content': 'この構成で進めても良さそうだと思う。', 'l1_type': 'OBSERVATION', 'source': 'human_text_ui'}
2026-01-31 15:05:23,459 - design_brain_model.hybrid_vm.interface_layer.api_server - INFO - Command 'CreateL1Atom' executed successfully. Result: da3284e5-7b97-4077-bf53-3e299fb955ff
2026-01-31 15:05:23,460 - design_brain_model.hybrid_vm.interface_layer.api_server - INFO - Requesting ViewModel for atom: da3284e5-7b97-4077-bf53-3e299fb955ff
2026-01-31 15:14:29,992 - __mp_main__ - INFO - MemorySpace initialized.
2026-01-31 15:14:30,009 - design_brain_model.hybrid_vm.interface_layer.api_server - INFO - MemorySpace initialized.
2026-01-31 15:15:19,870 - __mp_main__ - INFO - MemorySpace initialized.
2026-01-31 15:15:19,880 - design_brain_model.hybrid_vm.interface_layer.api_server - INFO - MemorySpace initialized.
2026-01-31 15:15:23,260 - __mp_main__ - INFO - MemorySpace initialized.
2026-01-31 15:15:23,271 - design_brain_model.hybrid_vm.interface_layer.api_server - INFO - MemorySpace initialized.
2026-01-31 15:15:31,602 - __mp_main__ - INFO - MemorySpace initialized.
2026-01-31 15:15:31,612 - design_brain_model.hybrid_vm.interface_layer.api_server - INFO - MemorySpace initialized.
2026-01-31 15:15:42,770 - __mp_main__ - INFO - MemorySpace initialized.
2026-01-31 15:15:42,780 - design_brain_model.hybrid_vm.interface_layer.api_server - INFO - MemorySpace initialized.
2026-01-31 15:15:50,305 - __mp_main__ - INFO - MemorySpace initialized.
2026-01-31 15:15:50,315 - design_brain_model.hybrid_vm.interface_layer.api_server - INFO - MemorySpace initialized.
2026-01-31 15:16:08,446 - __mp_main__ - INFO - MemorySpace initialized.
2026-01-31 15:16:08,456 - design_brain_model.hybrid_vm.interface_layer.api_server - INFO - MemorySpace initialized.
2026-01-31 15:16:14,664 - __mp_main__ - INFO - MemorySpace initialized.
2026-01-31 15:16:14,674 - design_brain_model.hybrid_vm.interface_layer.api_server - INFO - MemorySpace initialized.
2026-01-31 15:16:22,605 - __mp_main__ - INFO - MemorySpace initialized.
2026-01-31 15:16:22,615 - design_brain_model.hybrid_vm.interface_layer.api_server - INFO - MemorySpace initialized.
2026-01-31 15:16:53,878 - __mp_main__ - INFO - MemorySpace initialized.
2026-01-31 15:16:53,889 - design_brain_model.hybrid_vm.interface_layer.api_server - INFO - MemorySpace initialized.
2026-01-31 15:16:58,079 - __mp_main__ - INFO - MemorySpace initialized.
2026-01-31 15:16:58,089 - design_brain_model.hybrid_vm.interface_layer.api_server - INFO - MemorySpace initialized.
2026-01-31 15:18:08,665 - __mp_main__ - INFO - MemorySpace initialized.
2026-01-31 15:18:08,675 - design_brain_model.hybrid_vm.interface_layer.api_server - INFO - MemorySpace initialized.
2026-01-31 15:18:33,793 - __mp_main__ - INFO - MemorySpace initialized.
2026-01-31 15:18:33,804 - design_brain_model.hybrid_vm.interface_layer.api_server - INFO - MemorySpace initialized.
2026-01-31 15:18:39,623 - __mp_main__ - INFO - MemorySpace initialized.
2026-01-31 15:18:39,634 - design_brain_model.hybrid_vm.interface_layer.api_server - INFO - MemorySpace initialized.
2026-01-31 15:19:02,618 - __mp_main__ - INFO - MemorySpace initialized.
2026-01-31 15:19:02,628 - design_brain_model.hybrid_vm.interface_layer.api_server - INFO - MemorySpace initialized.
2026-01-31 15:19:37,933 - __mp_main__ - INFO - MemorySpace initialized.
2026-01-31 15:19:37,944 - design_brain_model.hybrid_vm.interface_layer.api_server - INFO - MemorySpace initialized.
2026-01-31 15:20:47,597 - __mp_main__ - INFO - MemorySpace initialized.
2026-01-31 15:20:47,607 - design_brain_model.hybrid_vm.interface_layer.api_server - INFO - MemorySpace initialized.
2026-01-31 15:26:04,862 - __mp_main__ - INFO - MemorySpace initialized.
2026-01-31 15:26:04,873 - design_brain_model.hybrid_vm.interface_layer.api_server - INFO - MemorySpace initialized.
2026-01-31 15:26:59,276 - __mp_main__ - INFO - MemorySpace initialized.
2026-01-31 15:26:59,286 - design_brain_model.hybrid_vm.interface_layer.api_server - INFO - MemorySpace initialized.
2026-01-31 15:38:37,066 - __mp_main__ - INFO - MemorySpace initialized.
2026-01-31 15:38:37,083 - design_brain_model.hybrid_vm.interface_layer.api_server - INFO - MemorySpace initialized.
2026-01-31 15:39:05,517 - __mp_main__ - INFO - MemorySpace initialized.
2026-01-31 15:39:05,527 - design_brain_model.hybrid_vm.interface_layer.api_server - INFO - MemorySpace initialized.
2026-01-31 15:39:30,233 - __mp_main__ - INFO - MemorySpace initialized.
2026-01-31 15:39:30,243 - design_brain_model.hybrid_vm.interface_layer.api_server - INFO - MemorySpace initialized.
2026-02-07 13:26:40,941 - __main__ - INFO - MemorySpace initialized.
2026-02-07 13:26:40,953 - __main__ - INFO - Starting DesignBrainModel API Server (Phase 17-4)...
2026-02-07 13:26:41,097 - __mp_main__ - INFO - MemorySpace initialized.
2026-02-07 13:26:41,112 - design_brain_model.hybrid_vm.interface_layer.api_server - INFO - MemorySpace initialized.
2026-02-07 13:34:42,266 - design_brain_model.hybrid_vm.interface_layer.api_server - INFO - Received command: CreateL1Atom with payload {'content': 'HolographicMemoryを利用した株価分析手法を確立したい。株価の終値を対象にして終値をMemoryAtom化させ、想起、株価のシミュレーションする方法を核にりさせたい。', 'l1_type': 'OBSERVATION', 'source': 'human_text_ui'}
2026-02-07 13:34:42,266 - design_brain_model.hybrid_vm.interface_layer.api_server - INFO - Command 'CreateL1Atom' executed successfully. Result: 34f6ddbc-1c80-4cf2-830d-b793a3e3dbc9
2026-02-07 13:34:42,267 - design_brain_model.hybrid_vm.interface_layer.api_server - INFO - Requesting ViewModel for atom: 34f6ddbc-1c80-4cf2-830d-b793a3e3dbc9
2026-02-07 13:35:36,603 - design_brain_model.hybrid_vm.interface_layer.api_server - INFO - Received command: CreateL1Atom with payload {'content': 'H', 'l1_type': 'OBSERVATION', 'source': 'human_text_ui'}
2026-02-07 13:35:36,603 - design_brain_model.hybrid_vm.interface_layer.api_server - INFO - Command 'CreateL1Atom' executed successfully. Result: 667f5d31-33a5-4bee-bd34-8a2fe83d2c1d
2026-02-07 13:35:36,604 - design_brain_model.hybrid_vm.interface_layer.api_server - INFO - Requesting ViewModel for atom: 667f5d31-33a5-4bee-bd34-8a2fe83d2c1d
2026-02-07 13:45:19,022 - design_brain_model.hybrid_vm.interface_layer.api_server - INFO - Received command: CreateL1Atom with payload {'content': 'i', 'l1_type': 'QUESTION', 'source': 'human_text_ui'}
2026-02-07 13:45:19,022 - design_brain_model.hybrid_vm.interface_layer.api_server - INFO - Command 'CreateL1Atom' executed successfully. Result: 924a5ace-4285-4f0d-b32d-3b84002fe9e6
2026-02-07 13:45:19,023 - design_brain_model.hybrid_vm.interface_layer.api_server - INFO - Requesting ViewModel for atom: 924a5ace-4285-4f0d-b32d-3b84002fe9e6
2026-02-07 13:45:23,805 - design_brain_model.hybrid_vm.interface_layer.api_server - INFO - Received command: CreateL1Atom with payload {'content': '株価の終値を核とした価格状態ベクトルを MemoryAtom として構成し、', 'l1_type': 'QUESTION', 'source': 'human_text_ui'}
2026-02-07 13:45:23,805 - design_brain_model.hybrid_vm.interface_layer.api_server - INFO - Command 'CreateL1Atom' executed successfully. Result: bf8efc9e-d40b-4310-825a-d14225c049cb
2026-02-07 13:45:23,806 - design_brain_model.hybrid_vm.interface_layer.api_server - INFO - Requesting ViewModel for atom: bf8efc9e-d40b-4310-825a-d14225c049cb
2026-02-07 13:45:23,906 - design_brain_model.hybrid_vm.interface_layer.api_server - INFO - Received command: CreateL1Atom with payload {'content': 'HolographicMemory による類似状態の想起と、', 'l1_type': 'QUESTION', 'source': 'human_text_ui'}
2026-02-07 13:45:23,907 - design_brain_model.hybrid_vm.interface_layer.api_server - INFO - Command 'CreateL1Atom' executed successfully. Result: 82f41888-8f6e-4ef6-b0e2-8b53369ff1e3
2026-02-07 13:45:23,907 - design_brain_model.hybrid_vm.interface_layer.api_server - INFO - Requesting ViewModel for atom: 82f41888-8f6e-4ef6-b0e2-8b53369ff1e3
2026-02-07 13:45:23,986 - design_brain_model.hybrid_vm.interface_layer.api_server - INFO - Received command: CreateL1Atom with payload {'content': 'その後の条件付き遷移シミュレーションを用いて、', 'l1_type': 'QUESTION', 'source': 'human_text_ui'}
2026-02-07 13:45:23,986 - design_brain_model.hybrid_vm.interface_layer.api_server - INFO - Command 'CreateL1Atom' executed successfully. Result: 090a898c-b271-4a17-bf10-d238fc75371f
2026-02-07 13:45:23,987 - design_brain_model.hybrid_vm.interface_layer.api_server - INFO - Requesting ViewModel for atom: 090a898c-b271-4a17-bf10-d238fc75371f
2026-02-07 13:48:54,318 - design_brain_model.hybrid_vm.interface_layer.api_server - INFO - Received command: CreateL1Atom with payload {'content': '株価の終値を核とした価格状態ベクトルをMemoryAtomとして構成し、HolographicMemoryに類似状態の想起とその後の状態遷移付きシミュレーション用いて、時系列状態遷移を分析する手法を悪立したい', 'l1_type': 'QUESTION', 'source': 'human_text_ui'}
2026-02-07 13:48:54,318 - design_brain_model.hybrid_vm.interface_layer.api_server - INFO - Command 'CreateL1Atom' executed successfully. Result: 5d62687f-cc6e-4809-98b6-25e6f8b1e46d
2026-02-07 13:48:54,319 - design_brain_model.hybrid_vm.interface_layer.api_server - INFO - Requesting ViewModel for atom: 5d62687f-cc6e-4809-98b6-25e6f8b1e46d
2026-02-07 16:31:58,112 - __mp_main__ - INFO - MemorySpace initialized.
2026-02-07 16:31:58,131 - design_brain_model.hybrid_vm.interface_layer.api_server - INFO - MemorySpace initialized.
2026-02-07 16:32:08,000 - __mp_main__ - INFO - MemorySpace initialized.
2026-02-07 16:32:08,010 - design_brain_model.hybrid_vm.interface_layer.api_server - INFO - MemorySpace initialized.
2026-02-07 16:32:40,802 - __mp_main__ - INFO - MemorySpace initialized.
2026-02-07 16:32:40,813 - design_brain_model.hybrid_vm.interface_layer.api_server - INFO - MemorySpace initialized.
2026-02-07 16:32:51,083 - __mp_main__ - INFO - MemorySpace initialized.
2026-02-07 16:32:51,094 - design_brain_model.hybrid_vm.interface_layer.api_server - INFO - MemorySpace initialized.
2026-02-07 16:35:26,461 - __mp_main__ - INFO - MemorySpace initialized.
2026-02-07 16:35:26,472 - design_brain_model.hybrid_vm.interface_layer.api_server - INFO - MemorySpace initialized.
2026-02-07 16:35:47,459 - __mp_main__ - INFO - MemorySpace initialized.
2026-02-07 16:35:47,470 - design_brain_model.hybrid_vm.interface_layer.api_server - INFO - MemorySpace initialized.
2026-02-07 16:35:53,292 - __mp_main__ - INFO - MemorySpace initialized.
2026-02-07 16:35:53,303 - design_brain_model.hybrid_vm.interface_layer.api_server - INFO - MemorySpace initialized.
2026-02-07 16:36:00,031 - __mp_main__ - INFO - MemorySpace initialized.
2026-02-07 16:36:00,042 - design_brain_model.hybrid_vm.interface_layer.api_server - INFO - MemorySpace initialized.
2026-02-07 16:36:09,910 - __mp_main__ - INFO - MemorySpace initialized.
2026-02-07 16:36:09,921 - design_brain_model.hybrid_vm.interface_layer.api_server - INFO - MemorySpace initialized.
2026-02-07 16:36:33,933 - __mp_main__ - INFO - MemorySpace initialized.
2026-02-07 16:36:33,944 - design_brain_model.hybrid_vm.interface_layer.api_server - INFO - MemorySpace initialized.
2026-02-07 16:38:50,319 - __mp_main__ - INFO - MemorySpace initialized.
2026-02-07 16:38:50,330 - design_brain_model.hybrid_vm.interface_layer.api_server - INFO - MemorySpace initialized.
2026-02-07 16:38:55,755 - __mp_main__ - INFO - MemorySpace initialized.
2026-02-07 16:38:55,767 - design_brain_model.hybrid_vm.interface_layer.api_server - INFO - MemorySpace initialized.
2026-02-07 16:39:02,503 - __mp_main__ - INFO - MemorySpace initialized.
2026-02-07 16:39:02,514 - design_brain_model.hybrid_vm.interface_layer.api_server - INFO - MemorySpace initialized.
2026-02-07 16:39:14,614 - __mp_main__ - INFO - MemorySpace initialized.
2026-02-07 16:39:14,625 - design_brain_model.hybrid_vm.interface_layer.api_server - INFO - MemorySpace initialized.
2026-02-07 16:39:42,685 - __mp_main__ - INFO - MemorySpace initialized.
2026-02-07 16:39:42,696 - design_brain_model.hybrid_vm.interface_layer.api_server - INFO - MemorySpace initialized.
2026-02-07 16:44:25,831 - __main__ - INFO - MemorySpace initialized.
2026-02-07 16:44:25,845 - __main__ - INFO - Starting DesignBrainModel API Server (Phase 17-4)...
2026-02-07 16:44:25,985 - __mp_main__ - INFO - MemorySpace initialized.
2026-02-07 16:44:26,001 - design_brain_model.hybrid_vm.interface_layer.api_server - INFO - MemorySpace initialized.
2026-02-07 16:58:33,354 - __main__ - INFO - MemorySpace initialized.
2026-02-07 16:58:33,367 - __main__ - INFO - Starting DesignBrainModel API Server (Phase 17-4)...
2026-02-07 16:58:33,507 - __mp_main__ - INFO - MemorySpace initialized.
2026-02-07 16:58:33,522 - design_brain_model.hybrid_vm.interface_layer.api_server - INFO - MemorySpace initialized.
2026-02-07 16:59:10,472 - __mp_main__ - INFO - MemorySpace initialized.
2026-02-07 16:59:10,482 - design_brain_model.hybrid_vm.interface_layer.api_server - INFO - MemorySpace initialized.
2026-02-07 16:59:48,611 - __main__ - INFO - MemorySpace initialized.
2026-02-07 16:59:48,620 - __main__ - INFO - Starting DesignBrainModel API Server (Phase 17-4)...
2026-02-07 16:59:48,757 - __mp_main__ - INFO - MemorySpace initialized.
2026-02-07 16:59:48,767 - design_brain_model.hybrid_vm.interface_layer.api_server - INFO - MemorySpace initialized.
2026-02-07 17:03:47,564 - __main__ - INFO - MemorySpace initialized.
2026-02-07 17:03:47,573 - __main__ - INFO - Starting DesignBrainModel API Server (Phase 17-4)...
2026-02-07 17:03:47,710 - __mp_main__ - INFO - MemorySpace initialized.
2026-02-07 17:03:47,721 - design_brain_model.hybrid_vm.interface_layer.api_server - INFO - MemorySpace initialized.
2026-02-07 17:10:04,936 - __mp_main__ - INFO - MemorySpace initialized.
2026-02-07 17:10:04,947 - design_brain_model.hybrid_vm.interface_layer.api_server - INFO - MemorySpace initialized.
2026-02-07 17:31:34,556 - __mp_main__ - INFO - MemorySpace initialized.
2026-02-07 17:31:34,567 - design_brain_model.hybrid_vm.interface_layer.api_server - INFO - MemorySpace initialized.
2026-02-07 17:31:45,366 - __mp_main__ - INFO - MemorySpace initialized.
2026-02-07 17:31:45,376 - design_brain_model.hybrid_vm.interface_layer.api_server - INFO - MemorySpace initialized.
2026-02-07 22:14:24,664 - __main__ - INFO - MemorySpace initialized.
2026-02-07 22:14:24,708 - __main__ - INFO - Starting DesignBrainModel API Server (Phase 17-4)...
2026-02-07 22:14:31,181 - design_brain_model.hybrid_vm.interface_layer.api_server - INFO - MemorySpace initialized.
2026-02-07 22:14:40,577 - design_brain_model.hybrid_vm.interface_layer.api_server - INFO - MemorySpace initialized.
2026-02-07 22:59:46,748 - design_brain_model.hybrid_vm.interface_layer.api_server - INFO - MemorySpace initialized.
2026-02-07 23:00:40,606 - design_brain_model.hybrid_vm.interface_layer.api_server - INFO - Received command: CreateL1Atom with payload {'content': 'i', 'l1_type': 'QUESTION', 'source': 'human_text_ui'}
2026-02-07 23:00:40,606 - design_brain_model.hybrid_vm.interface_layer.api_server - INFO - Command 'CreateL1Atom' executed successfully. Result: 19deacb2-153c-499e-9423-36f58eb25f94
2026-02-07 23:00:40,608 - design_brain_model.hybrid_vm.interface_layer.api_server - INFO - Requesting ViewModel for atom: 19deacb2-153c-499e-9423-36f58eb25f94
2026-02-07 23:01:13,114 - design_brain_model.hybrid_vm.interface_layer.api_server - INFO - Received command: CreateL1Atom with payload {'content': '株価分析システムをMemorySpaceを応用して構築したい。', 'l1_type': 'OBSERVATION', 'source': 'human_text_ui'}
2026-02-07 23:01:13,115 - design_brain_model.hybrid_vm.interface_layer.api_server - INFO - Command 'CreateL1Atom' executed successfully. Result: ba8c7879-52de-4b01-b6a1-58723a23598a
2026-02-07 23:01:13,116 - design_brain_model.hybrid_vm.interface_layer.api_server - INFO - Requesting ViewModel for atom: ba8c7879-52de-4b01-b6a1-58723a23598a
2026-02-07 23:03:03,578 - design_brain_model.hybrid_vm.interface_layer.api_server - INFO - Received command: CreateL1Atom with payload {'content': '株価情報をHolographicMemory、', 'context_id': 'ba8c7879-52de-4b01-b6a1-58723a23598a', 'l1_type': 'HYPOTHESIS', 'source': 'human_text_ui'}
2026-02-07 23:03:03,578 - design_brain_model.hybrid_vm.interface_layer.api_server - INFO - Command 'CreateL1Atom' executed successfully. Result: 60526c77-aa60-4569-b4d5-bc89f645a8b6
2026-02-07 23:03:03,580 - design_brain_model.hybrid_vm.interface_layer.api_server - INFO - Requesting ViewModel for atom: 60526c77-aa60-4569-b4d5-bc89f645a8b6
2026-02-08 10:19:24,325 - design_brain_model.hybrid_vm.interface_layer.api_server - INFO - MemorySpace initialized.
2026-02-08 11:20:49,509 - design_brain_model.hybrid_vm.interface_layer.api_server - INFO - MemorySpace initialized.
