05:41:15 [INFO] Initializing VmClient for base URL: http://localhost:8000
05:42:15 [INFO] Executing command 'CreateL1Atom' with payload: {"l1_type":"QUESTION","content":"HolographicMemoryと生化学検査情報と患者情報を組み合わせた医療診断支援AIを構築したい","source":"human_text_ui"}
05:42:15 [INFO] Fetching from URL: http://localhost:8000/viewmodel/atom/1b5a8f04-b4de-4976-8adc-79135eb57fc4
05:44:43 [INFO] Executing command 'CreateL1Atom' with payload: {"l1_type":"QUESTION","content":"i","source":"human_text_ui"}
05:44:43 [INFO] Fetching from URL: http://localhost:8000/viewmodel/atom/2652807d-3088-48ef-b773-3c45e3f56e43
05:44:50 [INFO] Executing command 'CreateL1Atom' with payload: {"l1_type":"OBSERVATION","content":"現在、HolographicMemoryを用いた推論モデルの医療応用事例は研究段階に留まっている。","source":"human_text_ui"}
05:44:50 [INFO] Fetching from URL: http://localhost:8000/viewmodel/atom/21107984-c1be-4e46-a6bd-c98cf3189a6c
05:45:17 [INFO] Executing command 'CreateL1Atom' with payload: {"l1_type":"OBSERVATION","content":"生化学検査データと患者の年齢・性別・既往歴を組み合わせることで、疾患予測精度が向上するという報告がある。","source":"human_text_ui"}
05:45:17 [INFO] Fetching from URL: http://localhost:8000/viewmodel/atom/97df4560-bc10-4d12-af0f-5e19a0efc3a3
05:45:39 [INFO] Executing command 'CreateL1Atom' with payload: {"l1_type":"OBSERVATION","content":"HolographicMemoryは時系列性の強い医療データに対して有効に機能するのか。","source":"human_text_ui"}
05:45:39 [INFO] Fetching from URL: http://localhost:8000/viewmodel/atom/7c12bfb2-4e85-452f-9481-25d240c43a48
05:46:10 [INFO] Executing command 'CreateL1Atom' with payload: {"l1_type":"REQUIREMENT","content":"本システムは医師の診断を代替するものではなく、診断支援に限定する必要がある。","source":"human_text_ui"}
05:46:10 [INFO] Fetching from URL: http://localhost:8000/viewmodel/atom/6ae031a0-456b-4e41-883d-231d3952a660
05:46:20 [INFO] Executing command 'CreateL1Atom' with payload: {"l1_type":"OBSERVATION","content":"i","source":"human_text_ui"}
05:46:20 [INFO] Fetching from URL: http://localhost:8000/viewmodel/atom/8d3ba846-ff2a-433c-87c6-141815c24c0c
05:47:49 [INFO] Executing command 'CreateL1Atom' with payload: {"l1_type":"OBSERVATION","content":"HolographicMemoryは時系列性の強い医療データに対して有効に機能するのか。","source":"human_text_ui"}
05:47:49 [INFO] Fetching from URL: http://localhost:8000/viewmodel/atom/8b9c3f68-fada-4ec2-9d8c-5c57d7b838d7
05:48:05 [INFO] Executing command 'CreateL1Atom' with payload: {"l1_type":"REQUIREMENT","content":"本システムは医師の診断を代替するものではなく、診断支援に限定する必要がある。","source":"human_text_ui"}
05:48:05 [INFO] Fetching from URL: http://localhost:8000/viewmodel/atom/a1f17cfc-c3cf-4703-94f7-3dd98ce07efe
05:49:02 [INFO] Executing command 'CreateL1Atom' with payload: {"l1_type":"OBSERVATION","content":"HolographicMemoryを用いることで、患者の検査履歴全体を保持・参照でき、従来手法よりも早期に疾患リスクを検出できる可能性がある。","source":"human_text_ui"}
05:49:02 [INFO] Fetching from URL: http://localhost:8000/viewmodel/atom/2dda83a5-d43a-4964-b359-ed9f4748be96
05:50:11 [INFO] Executing command 'CreateL1Atom' with payload: {"l1_type":"OBSERVATION","content":"このアプローチは既存の機械学習モデルと比較して、臨床的に有意な改善を示せるだろうか。","source":"human_text_ui"}
05:50:11 [INFO] Fetching from URL: http://localhost:8000/viewmodel/atom/68b089bf-1a7d-4d6c-87f9-165d49dc0dc3
06:00:56 [INFO] Executing command 'CreateL1Atom' with payload: {"l1_type":"CONSTRAINT","content":"これまでに整理された観測・制約・仮説・問いを総合すると、","source":"human_text_ui"}
06:00:56 [INFO] Fetching from URL: http://localhost:8000/viewmodel/atom/2aeeba54-5fc4-4105-9ea5-2325f501d411
06:00:56 [INFO] Executing command 'CreateL1Atom' with payload: {"l1_type":"QUESTION","content":"HolographicMemory、生化学検査情報、患者背景情報を統合した","source":"human_text_ui"}
06:00:56 [INFO] Fetching from URL: http://localhost:8000/viewmodel/atom/ac1c0e79-ca02-4a2f-ac92-1b8642f393ec
06:00:56 [INFO] Executing command 'CreateL1Atom' with payload: {"l1_type":"OBSERVATION","content":"医療診断支援AIの設計を進める価値があると判断する。","source":"human_text_ui"}
06:00:56 [INFO] Fetching from URL: http://localhost:8000/viewmodel/atom/de39370a-bac9-44b3-b914-8b703d17f240
06:00:56 [INFO] Executing command 'CreateL1Atom' with payload: {"l1_type":"QUESTION","content":"本システムは医師の診断を代替するものではなく、","source":"human_text_ui"}
06:00:56 [INFO] Fetching from URL: http://localhost:8000/viewmodel/atom/dc45f9f2-c36a-4bf4-8eef-a5be75477913
06:00:56 [INFO] Executing command 'CreateL1Atom' with payload: {"l1_type":"OBSERVATION","content":"診断の質向上を支援する目的に限定して設計を進める。","source":"human_text_ui"}
06:00:56 [INFO] Fetching from URL: http://localhost:8000/viewmodel/atom/186fdec0-fb58-4559-a29d-aa703b92bf7a
06:02:48 [INFO] Executing command 'CreateL1Atom' with payload: {"l1_type":"QUESTION","content":"i","source":"human_text_ui"}
06:02:48 [INFO] Fetching from URL: http://localhost:8000/viewmodel/atom/37440f10-7f89-4a97-bcc4-0c47eab41a11
06:03:58 [INFO] Executing command 'CreateL1Atom' with payload: {"l1_type":"CONSTRAINT","content":"これまでに整理された観測・制約・仮説・問いを総合すると、","source":"human_text_ui"}
06:03:58 [INFO] Fetching from URL: http://localhost:8000/viewmodel/atom/4147aa42-a213-469d-9e61-3435a3625b60
06:04:29 [INFO] Executing command 'CreateL1Atom' with payload: {"l1_type":"QUESTION","content":"HolographicMemory、生化学検査情報、患者背景情報を統合した","source":"human_text_ui"}
06:04:29 [INFO] Fetching from URL: http://localhost:8000/viewmodel/atom/d867bc2b-6169-4953-8a3d-92c996093aab
06:05:23 [INFO] Executing command 'CreateL1Atom' with payload: {"l1_type":"OBSERVATION","content":"この構成で進めても良さそうだと思う。","source":"human_text_ui"}
06:05:23 [INFO] Fetching from URL: http://localhost:8000/viewmodel/atom/da3284e5-7b97-4077-bf53-3e299fb955ff
